Arguments: 
  C:\Program Files\nodejs\node.exe C:\Users\jobno\AppData\Roaming\npm\node_modules\yarn\bin\yarn.js add firebase

PATH: 
  C:\Program Files\Common Files\Oracle\Java\javapath;C:\WINDOWS\system32;C:\WINDOWS;C:\WINDOWS\System32\Wbem;C:\WINDOWS\System32\WindowsPowerShell\v1.0\;C:\WINDOWS\System32\OpenSSH\;C:\Program Files\Git\cmd;C:\Program Files\nodejs\;C:\ProgramData\chocolatey\bin;C:\Program Files\Java\jdk-19\bin;C:\Users\jobno\.android\debug.keystore;C:\Users\jobno\AppData\Local\Programs\Python\Python311\Scripts\;C:\Users\jobno\AppData\Local\Programs\Python\Python311\;C:\Users\jobno\AppData\Local\Microsoft\WindowsApps;C:\Users\jobno\AppData\Local\Programs\Microsoft VS Code\bin;C:\Users\jobno\AppData\Roaming\npm

Yarn version: 
  1.22.19

Node version: 
  18.12.1

Platform: 
  win32 x64

Trace: 
  Error: EPERM: operation not permitted, unlink 'C:\Users\jobno\OneDrive\Desktop\projet\management\node_modules\@next\swc-win32-x64-msvc\next-swc.win32-x64-msvc.node'

npm manifest: 
  {
    "name": "management",
    "version": "0.1.0",
    "private": true,
    "scripts": {
      "dev": "next dev",
      "build": "next build",
      "start": "next start",
      "lint": "next lint"
    },
    "dependencies": {
      "@types/node": "20.3.1",
      "@types/react": "18.2.12",
      "@types/react-dom": "18.2.5",
      "autoprefixer": "10.4.14",
      "eslint": "8.42.0",
      "eslint-config-next": "13.4.6",
      "next": "13.4.6",
      "postcss": "8.4.24",
      "react": "18.2.0",
      "react-dom": "18.2.0",
      "tailwindcss": "3.3.2",
      "typescript": "5.1.3"
    }
  }

yarn manifest: 
  No manifest

Lockfile: 
  No lockfile
